<?xml version="1.0" encoding="UTF-8"?>
<testng-results skipped="0" failed="0" ignored="0" total="1" passed="1">
  <reporter-output>
  </reporter-output>
  <suite name="Command line suite" duration-ms="107" started-at="2022-03-28T19:09:33 IST" finished-at="2022-03-28T19:09:33 IST">
    <groups>
    </groups>
    <test name="Command line test" duration-ms="107" started-at="2022-03-28T19:09:33 IST" finished-at="2022-03-28T19:09:33 IST">
      <class name="com.msn.MSNAutomation.AppTest">
        <test-method status="PASS" signature="testApp()" name="testApp" duration-ms="24" started-at="2022-03-28T19:09:33 IST" finished-at="2022-03-28T19:09:33 IST">
          <reporter-output>
          </reporter-output>
        </test-method> <!-- testApp -->
      </class> <!-- com.msn.MSNAutomation.AppTest -->
    </test> <!-- Command line test -->
  </suite> <!-- Command line suite -->
</testng-results>
